2022-01-26 12:04:13.027424300;VMs;String step;String status;String type;String name;String revision;String errorCode;String errorDetail
2022-01-26 12:04:13.230419100;VMs;String step;String status;String type;String name;String revision;String errorCode;String errorDetail
2022-01-26 12:04:13.420414100;VMs;String step;String status;String type;String name;String revision;String errorCode;String errorDetail
2022-01-26 12:06:15.160937100;VMs;String step;String status;String type;String name;String revision;String errorCode;String errorDetail
2022-01-26 12:06:15.367925;VMs;String step;String status;String type;String name;String revision;String errorCode;String errorDetail
2022-01-26 12:06:15.556919;VMs;String step;String status;String type;String name;String revision;String errorCode;String errorDetail
2022-01-26 12:09:33.969493700;VMs;loading Change Action;String status;Change Action;String name;String revision;String errorCode;String errorDetail
2022-01-26 12:09:34.188486400;VMs;loading Change Action;String status;Change Action;String name;String revision;String errorCode;String errorDetail
2022-01-26 12:09:34.378481400;VMs;loading Change Action;String status;Change Action;String name;String revision;String errorCode;String errorDetail
2022-01-26 12:10:04.434714;VMs;loading Change Action;String status;Change Action;String name;String revision;String errorCode;String errorDetail
2022-01-26 12:10:04.778715100;VMs;loading Change Action;String status;Change Action;String name;String revision;String errorCode;String errorDetail
2022-01-26 12:10:05.095695900;VMs;loading Change Action;String status;Change Action;String name;String revision;String errorCode;String errorDetail
2022-01-26 12:12:40.623735600;VMs;loading Change Action;String status;Change Action;String name;String revision;String errorCode;String errorDetail
2022-01-26 12:12:40.846722500;VMs;loading Change Action;String status;Change Action;String name;String revision;String errorCode;String errorDetail
2022-01-26 12:12:41.032731600;VMs;loading Change Action;String status;Change Action;String name;String revision;String errorCode;String errorDetail
2022-01-26 12:15:57.964699600;VMs;loading Change Action;String status;Change Action;String name;String revision;String errorCode;String errorDetail
2022-01-26 12:15:58.172697800;VMs;loading Change Action;String status;Change Action;String name;String revision;String errorCode;String errorDetail
2022-01-26 12:15:58.363687100;VMs;loading Change Action;String status;Change Action;String name;String revision;String errorCode;String errorDetail
2022-01-26 12:36:13.206674300;VMs;loading Change Action;String status;Change Action;String name;String revision;String errorCode;String errorDetail
2022-01-26 12:36:13.447672800;VMs;loading Change Action;String status;Change Action;String name;String revision;String errorCode;String errorDetail
2022-01-26 12:36:13.660667900;VMs;loading Change Action;String status;Change Action;String name;String revision;String errorCode;String errorDetail
2022-01-26 12:51:38.594659900;VMs;loading Change Action;String status;Change Action;String name;String revision;String errorCode;String errorDetail
2022-01-26 12:51:38.801650600;VMs;loading Change Action;String status;Change Action;String name;String revision;String errorCode;String errorDetail
2022-01-26 12:51:38.987648900;VMs;loading Change Action;String status;Change Action;String name;String revision;String errorCode;String errorDetail
2022-01-26 12:52:00.357231500;VMs;loading Change Action;String status;Change Action;String name;String revision;String errorCode;String errorDetail
2022-01-26 12:52:00.677726500;VMs;loading Change Action;String status;Change Action;String name;String revision;String errorCode;String errorDetail
2022-01-26 12:52:01.125212400;VMs;loading Change Action;String status;Change Action;String name;String revision;String errorCode;String errorDetail
2022-01-26 12:52:27.035704100;VMs;loading Change Action;String status;Change Action;String name;String revision;String errorCode;String errorDetail
2022-01-26 12:52:27.239700100;VMs;loading Change Action;String status;Change Action;String name;String revision;String errorCode;String errorDetail
2022-01-26 12:52:27.425725;VMs;loading Change Action;String status;Change Action;String name;String revision;String errorCode;String errorDetail
2022-01-26 14:07:02.193000500;VMs;loading Change Action;String status;Change Action;String name;String revision;String errorCode;String errorDetail
2022-01-26 15:34:27.959590500;VMs;loading Change Action;null;Change Action;null;String revision;400;String errorDetail
2022-01-26 15:34:28.169582300;VMs;loading Change Action;null;Change Action;null;String revision;200;String errorDetail
2022-01-26 15:34:28.357577400;VMs;loading Change Action;null;Change Action;null;String revision;200;String errorDetail
2022-01-26 15:56:33.085508400;VMs;loading Change Action;null;Change Action;null;String revision;400;String errorDetail
2022-01-26 15:56:33.293526800;VMs;loading Change Action;null;Change Action;null;String revision;200;String errorDetail
2022-01-26 15:56:33.483498400;VMs;loading Change Action;null;Change Action;null;String revision;200;String errorDetail
2022-01-26 16:08:37.370592300;VMs;loading Change Action;null;Change Action;null;String revision;400;String errorDetail
2022-01-26 16:08:37.684591600;VMs;loading Change Action;null;Change Action;null;String revision;200;String errorDetail
2022-01-26 16:08:37.875576100;VMs;loading Change Action;null;Change Action;null;String revision;200;String errorDetail
2022-01-26 16:36:11.207946300;VMs;loading Change Action;null;Change Action;null;String revision;400;String errorDetail
2022-01-26 16:36:11.462936700;VMs;loading Change Action;null;Change Action;null;String revision;200;String errorDetail
2022-01-26 16:36:11.651934600;VMs;loading Change Action;null;Change Action;null;String revision;200;String errorDetail
2022-01-31 13:48:43.818487500;WSAMZN-VF63K6L6;loading Change Action;Import KO;Change Action;-;-;400;-;Policy specified in input is not valid
2022-01-31 13:48:44.189474400;WSAMZN-VF63K6L6;loading Change Action;Import OK;Change Action;CA-95848848-00000123;-;200;9994DE3D5872000061F7DA78001C118D;Sucess
2022-01-31 13:48:44.414465500;WSAMZN-VF63K6L6;loading Change Action;Import OK;Change Action;CA-95848848-00000124;-;200;9994DE3D5872000061F7DA7900041683;Sucess
2022-01-31 16:58:04.601626600;WSAMZN-VF63K6L6;loading Change Action;Import KO;Change Action;-;-;400;-;Policy specified in input is not valid
2022-01-31 16:58:04.826639200;WSAMZN-VF63K6L6;loading Change Action;Import OK;Change Action;CA-95848848-00000125;-;200;9994DE3D5872000061F806D9000D0F2B;Sucess
2022-01-31 16:58:05.011628;WSAMZN-VF63K6L6;loading Change Action;Import OK;Change Action;CA-95848848-00000126;-;200;9994DE3D5872000061F806D900135DA5;Sucess
